;  LST file generated by mikroListExporter - v.2.0 
; Date/Time: 2024/09/14 09:54:09
;----------------------------------------------

;Address Opcode 	ASM
0x0000	0x2A52      	GOTO       594
_Delay_1us:
;__Lib_Delays.c,7 :: 		void Delay_1us() {
;__Lib_Delays.c,8 :: 		Delay_us(1);
0x0003	0x0000      	NOP
0x0004	0x0000      	NOP
;__Lib_Delays.c,9 :: 		}
L_end_Delay_1us:
0x0005	0x0008      	RETURN
; end of _Delay_1us
_Delay_5500us:
;__Lib_Delays.c,31 :: 		void Delay_5500us() {
;__Lib_Delays.c,32 :: 		Delay_us(5500);
0x0006	0x300F      	MOVLW      15
0x0007	0x1283      	BCF        STATUS, 5
0x0008	0x1303      	BCF        STATUS, 6
0x0009	0x00FC      	MOVWF      R12
0x000A	0x3047      	MOVLW      71
0x000B	0x00FD      	MOVWF      R13
L_Delay_5500us5:
0x000C	0x0BFD      	DECFSZ     R13, 1
0x000D	0x280C      	GOTO       L_Delay_5500us5
0x000E	0x0BFC      	DECFSZ     R12, 1
0x000F	0x280C      	GOTO       L_Delay_5500us5
0x0010	0x0000      	NOP
0x0011	0x0000      	NOP
;__Lib_Delays.c,33 :: 		}
L_end_Delay_5500us:
0x0012	0x0008      	RETURN
; end of _Delay_5500us
_Delay_50us:
;__Lib_Delays.c,19 :: 		void Delay_50us() {
;__Lib_Delays.c,20 :: 		Delay_us(50);
0x0013	0x3021      	MOVLW      33
0x0014	0x1283      	BCF        STATUS, 5
0x0015	0x1303      	BCF        STATUS, 6
0x0016	0x00FD      	MOVWF      R13
L_Delay_50us2:
0x0017	0x0BFD      	DECFSZ     R13, 1
0x0018	0x2817      	GOTO       L_Delay_50us2
;__Lib_Delays.c,21 :: 		}
L_end_Delay_50us:
0x0019	0x0008      	RETURN
; end of _Delay_50us
_Lcd_Cmd:
;__Lib_Lcd.c,18 :: 		
;__Lib_Lcd.c,20 :: 		
0x001A	0x1683      	BSF        STATUS, 5
0x001B	0x1303      	BCF        STATUS, 6
0x001C	0x1BE8      	BTFSC      FARG_Lcd_Cmd_out_char, 7
0x001D	0x2821      	GOTO       L__Lcd_Cmd21
0x001E	0x1283      	BCF        STATUS, 5
0x001F	0x1286      	BCF        LCD_D7, BitPos(LCD_D7+0)
0x0020	0x2823      	GOTO       L__Lcd_Cmd22
L__Lcd_Cmd21:
0x0021	0x1283      	BCF        STATUS, 5
0x0022	0x1686      	BSF        LCD_D7, BitPos(LCD_D7+0)
L__Lcd_Cmd22:
;__Lib_Lcd.c,21 :: 		
0x0023	0x1683      	BSF        STATUS, 5
0x0024	0x1B68      	BTFSC      FARG_Lcd_Cmd_out_char, 6
0x0025	0x2829      	GOTO       L__Lcd_Cmd23
0x0026	0x1283      	BCF        STATUS, 5
0x0027	0x1206      	BCF        LCD_D6, BitPos(LCD_D6+0)
0x0028	0x282B      	GOTO       L__Lcd_Cmd24
L__Lcd_Cmd23:
0x0029	0x1283      	BCF        STATUS, 5
0x002A	0x1606      	BSF        LCD_D6, BitPos(LCD_D6+0)
L__Lcd_Cmd24:
;__Lib_Lcd.c,22 :: 		
0x002B	0x1683      	BSF        STATUS, 5
0x002C	0x1AE8      	BTFSC      FARG_Lcd_Cmd_out_char, 5
0x002D	0x2831      	GOTO       L__Lcd_Cmd25
0x002E	0x1283      	BCF        STATUS, 5
0x002F	0x1186      	BCF        LCD_D5, BitPos(LCD_D5+0)
0x0030	0x2833      	GOTO       L__Lcd_Cmd26
L__Lcd_Cmd25:
0x0031	0x1283      	BCF        STATUS, 5
0x0032	0x1586      	BSF        LCD_D5, BitPos(LCD_D5+0)
L__Lcd_Cmd26:
;__Lib_Lcd.c,23 :: 		
0x0033	0x1683      	BSF        STATUS, 5
0x0034	0x1A68      	BTFSC      FARG_Lcd_Cmd_out_char, 4
0x0035	0x2839      	GOTO       L__Lcd_Cmd27
0x0036	0x1283      	BCF        STATUS, 5
0x0037	0x1106      	BCF        LCD_D4, BitPos(LCD_D4+0)
0x0038	0x283B      	GOTO       L__Lcd_Cmd28
L__Lcd_Cmd27:
0x0039	0x1283      	BCF        STATUS, 5
0x003A	0x1506      	BSF        LCD_D4, BitPos(LCD_D4+0)
L__Lcd_Cmd28:
;__Lib_Lcd.c,25 :: 		
0x003B	0x1866      	BTFSC      __Lib_Lcd_cmd_status, BitPos(__Lib_Lcd_cmd_status+0)
0x003C	0x283F      	GOTO       L__Lcd_Cmd29
0x003D	0x1406      	BSF        LCD_RS, BitPos(LCD_RS+0)
0x003E	0x2840      	GOTO       L__Lcd_Cmd30
L__Lcd_Cmd29:
0x003F	0x1006      	BCF        LCD_RS, BitPos(LCD_RS+0)
L__Lcd_Cmd30:
;__Lib_Lcd.c,28 :: 		
0x0040	0x1486      	BSF        LCD_EN, BitPos(LCD_EN+0)
;__Lib_Lcd.c,29 :: 		
0x0041	0x2003      	CALL       _Delay_1us
;__Lib_Lcd.c,30 :: 		
0x0042	0x1086      	BCF        LCD_EN, BitPos(LCD_EN+0)
;__Lib_Lcd.c,33 :: 		
0x0043	0x1683      	BSF        STATUS, 5
0x0044	0x19E8      	BTFSC      FARG_Lcd_Cmd_out_char, 3
0x0045	0x2849      	GOTO       L__Lcd_Cmd31
0x0046	0x1283      	BCF        STATUS, 5
0x0047	0x1286      	BCF        LCD_D7, BitPos(LCD_D7+0)
0x0048	0x284B      	GOTO       L__Lcd_Cmd32
L__Lcd_Cmd31:
0x0049	0x1283      	BCF        STATUS, 5
0x004A	0x1686      	BSF        LCD_D7, BitPos(LCD_D7+0)
L__Lcd_Cmd32:
;__Lib_Lcd.c,34 :: 		
0x004B	0x1683      	BSF        STATUS, 5
0x004C	0x1968      	BTFSC      FARG_Lcd_Cmd_out_char, 2
0x004D	0x2851      	GOTO       L__Lcd_Cmd33
0x004E	0x1283      	BCF        STATUS, 5
0x004F	0x1206      	BCF        LCD_D6, BitPos(LCD_D6+0)
0x0050	0x2853      	GOTO       L__Lcd_Cmd34
L__Lcd_Cmd33:
0x0051	0x1283      	BCF        STATUS, 5
0x0052	0x1606      	BSF        LCD_D6, BitPos(LCD_D6+0)
L__Lcd_Cmd34:
;__Lib_Lcd.c,35 :: 		
0x0053	0x1683      	BSF        STATUS, 5
0x0054	0x18E8      	BTFSC      FARG_Lcd_Cmd_out_char, 1
0x0055	0x2859      	GOTO       L__Lcd_Cmd35
0x0056	0x1283      	BCF        STATUS, 5
0x0057	0x1186      	BCF        LCD_D5, BitPos(LCD_D5+0)
0x0058	0x285B      	GOTO       L__Lcd_Cmd36
L__Lcd_Cmd35:
0x0059	0x1283      	BCF        STATUS, 5
0x005A	0x1586      	BSF        LCD_D5, BitPos(LCD_D5+0)
L__Lcd_Cmd36:
;__Lib_Lcd.c,36 :: 		
0x005B	0x1683      	BSF        STATUS, 5
0x005C	0x1868      	BTFSC      FARG_Lcd_Cmd_out_char, 0
0x005D	0x2861      	GOTO       L__Lcd_Cmd37
0x005E	0x1283      	BCF        STATUS, 5
0x005F	0x1106      	BCF        LCD_D4, BitPos(LCD_D4+0)
0x0060	0x2863      	GOTO       L__Lcd_Cmd38
L__Lcd_Cmd37:
0x0061	0x1283      	BCF        STATUS, 5
0x0062	0x1506      	BSF        LCD_D4, BitPos(LCD_D4+0)
L__Lcd_Cmd38:
;__Lib_Lcd.c,38 :: 		
0x0063	0x1866      	BTFSC      __Lib_Lcd_cmd_status, BitPos(__Lib_Lcd_cmd_status+0)
0x0064	0x2867      	GOTO       L__Lcd_Cmd39
0x0065	0x1406      	BSF        LCD_RS, BitPos(LCD_RS+0)
0x0066	0x2868      	GOTO       L__Lcd_Cmd40
L__Lcd_Cmd39:
0x0067	0x1006      	BCF        LCD_RS, BitPos(LCD_RS+0)
L__Lcd_Cmd40:
;__Lib_Lcd.c,40 :: 		
0x0068	0x1486      	BSF        LCD_EN, BitPos(LCD_EN+0)
;__Lib_Lcd.c,41 :: 		
0x0069	0x2003      	CALL       _Delay_1us
;__Lib_Lcd.c,42 :: 		
0x006A	0x1086      	BCF        LCD_EN, BitPos(LCD_EN+0)
;__Lib_Lcd.c,44 :: 		
0x006B	0x1C66      	BTFSS      __Lib_Lcd_cmd_status, BitPos(__Lib_Lcd_cmd_status+0)
0x006C	0x286F      	GOTO       L_Lcd_Cmd0
;__Lib_Lcd.c,45 :: 		
0x006D	0x2006      	CALL       _Delay_5500us
0x006E	0x2870      	GOTO       L_Lcd_Cmd1
L_Lcd_Cmd0:
;__Lib_Lcd.c,47 :: 		
0x006F	0x2013      	CALL       _Delay_50us
L_Lcd_Cmd1:
;__Lib_Lcd.c,48 :: 		
L_end_Lcd_Cmd:
0x0070	0x0008      	RETURN
; end of _Lcd_Cmd
_Div_16X16_U:
;__Lib_Math.c,215 :: 		
;__Lib_Math.c,222 :: 		
0x0071	0x1283      	BCF        STATUS, 5
;__Lib_Math.c,223 :: 		
0x0072	0x1303      	BCF        STATUS, 6
;__Lib_Math.c,224 :: 		
0x0073	0x01F8      	CLRF       R8
;__Lib_Math.c,225 :: 		
0x0074	0x01F9      	CLRF       R9
;__Lib_Math.c,226 :: 		
0x0075	0x3010      	MOVLW      16
;__Lib_Math.c,227 :: 		
0x0076	0x00FC      	MOVWF      R12
;__Lib_Math.c,228 :: 		
0x0077	0x0D71      	RLF        R1, 0
;__Lib_Math.c,229 :: 		
0x0078	0x0DF8      	RLF        R8, 1
;__Lib_Math.c,230 :: 		
0x0079	0x0DF9      	RLF        R9, 1
;__Lib_Math.c,231 :: 		
0x007A	0x0874      	MOVF       R4, 0
;__Lib_Math.c,232 :: 		
0x007B	0x02F8      	SUBWF      R8, 1
;__Lib_Math.c,233 :: 		
0x007C	0x0875      	MOVF       R5, 0
;__Lib_Math.c,234 :: 		
0x007D	0x1C03      	BTFSS      STATUS, 0
;__Lib_Math.c,235 :: 		
0x007E	0x0F75      	INCFSZ     R5, 0
;__Lib_Math.c,236 :: 		
0x007F	0x02F9      	SUBWF      R9, 1
;__Lib_Math.c,237 :: 		
0x0080	0x1803      	BTFSC      STATUS, 0
;__Lib_Math.c,238 :: 		
0x0081	0x2889      	GOTO       $+8
;__Lib_Math.c,239 :: 		
0x0082	0x0874      	MOVF       R4, 0
;__Lib_Math.c,240 :: 		
0x0083	0x07F8      	ADDWF      R8, 1
;__Lib_Math.c,241 :: 		
0x0084	0x0875      	MOVF       R5, 0
;__Lib_Math.c,242 :: 		
0x0085	0x1803      	BTFSC      STATUS, 0
;__Lib_Math.c,243 :: 		
0x0086	0x0F75      	INCFSZ     R5, 0
;__Lib_Math.c,244 :: 		
0x0087	0x07F9      	ADDWF      R9, 1
;__Lib_Math.c,245 :: 		
0x0088	0x1003      	BCF        STATUS, 0
;__Lib_Math.c,246 :: 		
0x0089	0x0DF0      	RLF        R0, 1
;__Lib_Math.c,247 :: 		
0x008A	0x0DF1      	RLF        R1, 1
;__Lib_Math.c,248 :: 		
0x008B	0x0BFC      	DECFSZ     R12, 1
;__Lib_Math.c,249 :: 		
0x008C	0x2877      	GOTO       $-21
;__Lib_Math.c,251 :: 		
L_end_Div_16X16_U:
0x008D	0x0008      	RETURN
; end of _Div_16X16_U
_UART1_Write:
;__Lib_UART_c67.c,39 :: 		
;__Lib_UART_c67.c,40 :: 		
L_UART1_Write3:
0x008E	0x1683      	BSF        STATUS, 5
0x008F	0x1303      	BCF        STATUS, 6
0x0090	0x1898      	BTFSC      TXSTA, 1
0x0091	0x2894      	GOTO       L_UART1_Write4
;__Lib_UART_c67.c,41 :: 		
0x0092	0x0000      	NOP
0x0093	0x288E      	GOTO       L_UART1_Write3
L_UART1_Write4:
;__Lib_UART_c67.c,42 :: 		
0x0094	0x0863      	MOVF       FARG_UART1_Write_data_, 0
0x0095	0x1283      	BCF        STATUS, 5
0x0096	0x0099      	MOVWF      TXREG
;__Lib_UART_c67.c,43 :: 		
L_end_UART1_Write:
0x0097	0x0008      	RETURN
; end of _UART1_Write
_Lcd_Chr_CP:
;__Lib_Lcd.c,50 :: 		
;__Lib_Lcd.c,52 :: 		
0x0098	0x1283      	BCF        STATUS, 5
0x0099	0x1303      	BCF        STATUS, 6
0x009A	0x1066      	BCF        __Lib_Lcd_cmd_status, BitPos(__Lib_Lcd_cmd_status+0)
;__Lib_Lcd.c,53 :: 		
0x009B	0x1683      	BSF        STATUS, 5
0x009C	0x0863      	MOVF       FARG_Lcd_Chr_CP_out_char, 0
0x009D	0x00E8      	MOVWF      FARG_Lcd_Cmd_out_char
0x009E	0x201A      	CALL       _Lcd_Cmd
;__Lib_Lcd.c,54 :: 		
0x009F	0x1466      	BSF        __Lib_Lcd_cmd_status, BitPos(__Lib_Lcd_cmd_status+0)
;__Lib_Lcd.c,55 :: 		
L_end_Lcd_Chr_CP:
0x00A0	0x0008      	RETURN
; end of _Lcd_Chr_CP
_WordToStr:
;__Lib_Conversions.c,98 :: 		
;__Lib_Conversions.c,103 :: 		
0x00A1	0x1683      	BSF        STATUS, 5
0x00A2	0x1303      	BCF        STATUS, 6
0x00A3	0x01E6      	CLRF       WordToStr_len_L0
L_WordToStr11:
0x00A4	0x3005      	MOVLW      5
0x00A5	0x0266      	SUBWF      WordToStr_len_L0, 0
0x00A6	0x1803      	BTFSC      STATUS, 0
0x00A7	0x28AF      	GOTO       L_WordToStr12
;__Lib_Conversions.c,104 :: 		
0x00A8	0x0866      	MOVF       WordToStr_len_L0, 0
0x00A9	0x0765      	ADDWF      FARG_WordToStr_output, 0
0x00AA	0x0084      	MOVWF      FSR
0x00AB	0x3020      	MOVLW      32
0x00AC	0x0080      	MOVWF      INDF
;__Lib_Conversions.c,103 :: 		
0x00AD	0x0AE6      	INCF       WordToStr_len_L0, 1
;__Lib_Conversions.c,104 :: 		
0x00AE	0x28A4      	GOTO       L_WordToStr11
L_WordToStr12:
;__Lib_Conversions.c,105 :: 		
0x00AF	0x0866      	MOVF       WordToStr_len_L0, 0
0x00B0	0x0765      	ADDWF      FARG_WordToStr_output, 0
0x00B1	0x0084      	MOVWF      FSR
0x00B2	0x0180      	CLRF       INDF
0x00B3	0x03E6      	DECF       WordToStr_len_L0, 1
;__Lib_Conversions.c,107 :: 		
L_WordToStr14:
;__Lib_Conversions.c,108 :: 		
0x00B4	0x0866      	MOVF       WordToStr_len_L0, 0
0x00B5	0x0765      	ADDWF      FARG_WordToStr_output, 0
0x00B6	0x00E7      	MOVWF      FLOC__WordToStr
0x00B7	0x300A      	MOVLW      10
0x00B8	0x00F4      	MOVWF      R4
0x00B9	0x01F5      	CLRF       R4+1
0x00BA	0x0863      	MOVF       FARG_WordToStr_input, 0
0x00BB	0x00F0      	MOVWF      R0
0x00BC	0x0864      	MOVF       FARG_WordToStr_input+1, 0
0x00BD	0x00F1      	MOVWF      R0+1
0x00BE	0x2071      	CALL       _Div_16X16_U
0x00BF	0x0878      	MOVF       R8, 0
0x00C0	0x00F0      	MOVWF      R0
0x00C1	0x0879      	MOVF       R8+1, 0
0x00C2	0x00F1      	MOVWF      R0+1
0x00C3	0x3030      	MOVLW      48
0x00C4	0x07F0      	ADDWF      R0, 1
0x00C5	0x1683      	BSF        STATUS, 5
0x00C6	0x0867      	MOVF       FLOC__WordToStr, 0
0x00C7	0x0084      	MOVWF      FSR
0x00C8	0x0870      	MOVF       R0, 0
0x00C9	0x0080      	MOVWF      INDF
;__Lib_Conversions.c,109 :: 		
0x00CA	0x300A      	MOVLW      10
0x00CB	0x00F4      	MOVWF      R4
0x00CC	0x01F5      	CLRF       R4+1
0x00CD	0x0863      	MOVF       FARG_WordToStr_input, 0
0x00CE	0x00F0      	MOVWF      R0
0x00CF	0x0864      	MOVF       FARG_WordToStr_input+1, 0
0x00D0	0x00F1      	MOVWF      R0+1
0x00D1	0x2071      	CALL       _Div_16X16_U
0x00D2	0x0870      	MOVF       R0, 0
0x00D3	0x1683      	BSF        STATUS, 5
0x00D4	0x00E3      	MOVWF      FARG_WordToStr_input
0x00D5	0x0871      	MOVF       R0+1, 0
0x00D6	0x00E4      	MOVWF      FARG_WordToStr_input+1
;__Lib_Conversions.c,110 :: 		
0x00D7	0x3000      	MOVLW      0
0x00D8	0x0671      	XORWF      R0+1, 0
0x00D9	0x1D03      	BTFSS      STATUS, 2
0x00DA	0x28DD      	GOTO       L__WordToStr379
0x00DB	0x3000      	MOVLW      0
0x00DC	0x0670      	XORWF      R0, 0
L__WordToStr379:
0x00DD	0x1D03      	BTFSS      STATUS, 2
0x00DE	0x28E0      	GOTO       L_WordToStr16
;__Lib_Conversions.c,111 :: 		
0x00DF	0x28E2      	GOTO       L_WordToStr15
L_WordToStr16:
;__Lib_Conversions.c,112 :: 		
0x00E0	0x03E6      	DECF       WordToStr_len_L0, 1
;__Lib_Conversions.c,113 :: 		
0x00E1	0x28B4      	GOTO       L_WordToStr14
L_WordToStr15:
;__Lib_Conversions.c,114 :: 		
L_end_WordToStr:
0x00E2	0x0008      	RETURN
; end of _WordToStr
_____DoICP:
;__Lib_System.c,6 :: 		
;__Lib_System.c,9 :: 		
0x00E3	0x1283      	BCF        STATUS, 5
0x00E4	0x1303      	BCF        STATUS, 6
0x00E5	0x0865      	MOVF       ___DoICPAddr+1, 0
0x00E6	0x008A      	MOVWF      PCLATH
;__Lib_System.c,10 :: 		
0x00E7	0x0864      	MOVF       ___DoICPAddr, 0
0x00E8	0x0082      	MOVWF      PCL
;__Lib_System.c,12 :: 		
L_end_____DoICP:
0x00E9	0x0008      	RETURN
; end of _____DoICP
_Delay_22us:
;__Lib_Delays.c,15 :: 		void Delay_22us() {
;__Lib_Delays.c,16 :: 		Delay_us(22);
0x00EA	0x300E      	MOVLW      14
0x00EB	0x1283      	BCF        STATUS, 5
0x00EC	0x1303      	BCF        STATUS, 6
0x00ED	0x00FD      	MOVWF      R13
L_Delay_22us1:
0x00EE	0x0BFD      	DECFSZ     R13, 1
0x00EF	0x28EE      	GOTO       L_Delay_22us1
0x00F0	0x0000      	NOP
;__Lib_Delays.c,17 :: 		}
L_end_Delay_22us:
0x00F1	0x0008      	RETURN
; end of _Delay_22us
_ADC_Read:
;__Lib_ADC_A_C.c,68 :: 		
;__Lib_ADC_A_C.c,70 :: 		
0x00F2	0x1283      	BCF        STATUS, 5
0x00F3	0x1303      	BCF        STATUS, 6
0x00F4	0x019F      	CLRF       ADCON0
;__Lib_ADC_A_C.c,71 :: 		
0x00F5	0x30C0      	MOVLW      192
0x00F6	0x049F      	IORWF      ADCON0, 1
;__Lib_ADC_A_C.c,72 :: 		
0x00F7	0x0963      	COMF       _vref_mask, 0
0x00F8	0x00F0      	MOVWF      R0
0x00F9	0x0870      	MOVF       R0, 0
0x00FA	0x1683      	BSF        STATUS, 5
0x00FB	0x059F      	ANDWF      ADCON1, 1
;__Lib_ADC_A_C.c,73 :: 		
0x00FC	0x171F      	BSF        ADCON1, 6
;__Lib_ADC_A_C.c,74 :: 		
0x00FD	0x179F      	BSF        ADCON1, 7
;__Lib_ADC_A_C.c,75 :: 		
0x00FE	0x1283      	BCF        STATUS, 5
0x00FF	0x0869      	MOVF       FARG_ADC_Read_channel, 0
0x0100	0x00F0      	MOVWF      R0
0x0101	0x0DF0      	RLF        R0, 1
0x0102	0x1070      	BCF        R0, 0
0x0103	0x0DF0      	RLF        R0, 1
0x0104	0x1070      	BCF        R0, 0
0x0105	0x0DF0      	RLF        R0, 1
0x0106	0x1070      	BCF        R0, 0
0x0107	0x0870      	MOVF       R0, 0
0x0108	0x049F      	IORWF      ADCON0, 1
;__Lib_ADC_A_C.c,78 :: 		
0x0109	0x141F      	BSF        ADCON0, 0
;__Lib_ADC_A_C.c,81 :: 		
0x010A	0x20EA      	CALL       _Delay_22us
;__Lib_ADC_A_C.c,84 :: 		
0x010B	0x151F      	BSF        ADCON0, 2
;__Lib_ADC_A_C.c,87 :: 		
L_ADC_Read2:
0x010C	0x1D1F      	BTFSS      ADCON0, 2
0x010D	0x2910      	GOTO       L_ADC_Read3
;__Lib_ADC_A_C.c,88 :: 		
0x010E	0x0000      	NOP
0x010F	0x290C      	GOTO       L_ADC_Read2
L_ADC_Read3:
;__Lib_ADC_A_C.c,91 :: 		
0x0110	0x101F      	BCF        ADCON0, 0
;__Lib_ADC_A_C.c,94 :: 		
0x0111	0x081E      	MOVF       ADRESH, 0
0x0112	0x00F1      	MOVWF      R0+1
0x0113	0x01F0      	CLRF       R0
0x0114	0x1683      	BSF        STATUS, 5
0x0115	0x081E      	MOVF       ADRESL, 0
0x0116	0x04F0      	IORWF      R0, 1
0x0117	0x3000      	MOVLW      0
0x0118	0x04F1      	IORWF      R0+1, 1
;__Lib_ADC_A_C.c,95 :: 		
L_end_ADC_Read:
0x0119	0x0008      	RETURN
; end of _ADC_Read
_Lcd_Out:
;__Lib_Lcd.c,184 :: 		
;__Lib_Lcd.c,187 :: 		
0x011A	0x292C      	GOTO       L_Lcd_Out11
;__Lib_Lcd.c,188 :: 		
L_Lcd_Out13:
0x011B	0x3080      	MOVLW      128
0x011C	0x1283      	BCF        STATUS, 5
0x011D	0x1303      	BCF        STATUS, 6
0x011E	0x00E9      	MOVWF      FARG_Lcd_Out_row
0x011F	0x293F      	GOTO       L_Lcd_Out12
;__Lib_Lcd.c,189 :: 		
L_Lcd_Out14:
0x0120	0x30C0      	MOVLW      192
0x0121	0x00E9      	MOVWF      FARG_Lcd_Out_row
0x0122	0x293F      	GOTO       L_Lcd_Out12
;__Lib_Lcd.c,190 :: 		
L_Lcd_Out15:
0x0123	0x3094      	MOVLW      148
0x0124	0x00E9      	MOVWF      FARG_Lcd_Out_row
0x0125	0x293F      	GOTO       L_Lcd_Out12
;__Lib_Lcd.c,191 :: 		
L_Lcd_Out16:
0x0126	0x30D4      	MOVLW      212
0x0127	0x00E9      	MOVWF      FARG_Lcd_Out_row
0x0128	0x293F      	GOTO       L_Lcd_Out12
;__Lib_Lcd.c,192 :: 		
L_Lcd_Out17:
0x0129	0x3080      	MOVLW      128
0x012A	0x00E9      	MOVWF      FARG_Lcd_Out_row
;__Lib_Lcd.c,193 :: 		
0x012B	0x293F      	GOTO       L_Lcd_Out12
L_Lcd_Out11:
0x012C	0x1283      	BCF        STATUS, 5
0x012D	0x1303      	BCF        STATUS, 6
0x012E	0x0869      	MOVF       FARG_Lcd_Out_row, 0
0x012F	0x3A01      	XORLW      1
0x0130	0x1903      	BTFSC      STATUS, 2
0x0131	0x291B      	GOTO       L_Lcd_Out13
0x0132	0x0869      	MOVF       FARG_Lcd_Out_row, 0
0x0133	0x3A02      	XORLW      2
0x0134	0x1903      	BTFSC      STATUS, 2
0x0135	0x2920      	GOTO       L_Lcd_Out14
0x0136	0x0869      	MOVF       FARG_Lcd_Out_row, 0
0x0137	0x3A03      	XORLW      3
0x0138	0x1903      	BTFSC      STATUS, 2
0x0139	0x2923      	GOTO       L_Lcd_Out15
0x013A	0x0869      	MOVF       FARG_Lcd_Out_row, 0
0x013B	0x3A04      	XORLW      4
0x013C	0x1903      	BTFSC      STATUS, 2
0x013D	0x2926      	GOTO       L_Lcd_Out16
0x013E	0x2929      	GOTO       L_Lcd_Out17
L_Lcd_Out12:
;__Lib_Lcd.c,194 :: 		
0x013F	0x036A      	DECF       FARG_Lcd_Out_column, 0
0x0140	0x00F0      	MOVWF      R0
0x0141	0x0869      	MOVF       FARG_Lcd_Out_row, 0
0x0142	0x07F0      	ADDWF      R0, 1
0x0143	0x0870      	MOVF       R0, 0
0x0144	0x00E9      	MOVWF      FARG_Lcd_Out_row
;__Lib_Lcd.c,196 :: 		
0x0145	0x0870      	MOVF       R0, 0
0x0146	0x1683      	BSF        STATUS, 5
0x0147	0x00E8      	MOVWF      FARG_Lcd_Cmd_out_char
0x0148	0x201A      	CALL       _Lcd_Cmd
;__Lib_Lcd.c,197 :: 		
0x0149	0x1066      	BCF        __Lib_Lcd_cmd_status, BitPos(__Lib_Lcd_cmd_status+0)
;__Lib_Lcd.c,198 :: 		
0x014A	0x01EC      	CLRF       Lcd_Out_i_L0
;__Lib_Lcd.c,199 :: 		
L_Lcd_Out18:
0x014B	0x086C      	MOVF       Lcd_Out_i_L0, 0
0x014C	0x076B      	ADDWF      FARG_Lcd_Out_text, 0
0x014D	0x0084      	MOVWF      FSR
0x014E	0x0800      	MOVF       INDF, 0
0x014F	0x1903      	BTFSC      STATUS, 2
0x0150	0x295A      	GOTO       L_Lcd_Out19
;__Lib_Lcd.c,200 :: 		
0x0151	0x086C      	MOVF       Lcd_Out_i_L0, 0
0x0152	0x076B      	ADDWF      FARG_Lcd_Out_text, 0
0x0153	0x0084      	MOVWF      FSR
0x0154	0x0800      	MOVF       INDF, 0
0x0155	0x1683      	BSF        STATUS, 5
0x0156	0x00E3      	MOVWF      FARG_Lcd_Chr_CP_out_char
0x0157	0x2098      	CALL       _Lcd_Chr_CP
0x0158	0x0AEC      	INCF       Lcd_Out_i_L0, 1
0x0159	0x294B      	GOTO       L_Lcd_Out18
L_Lcd_Out19:
;__Lib_Lcd.c,201 :: 		
0x015A	0x1466      	BSF        __Lib_Lcd_cmd_status, BitPos(__Lib_Lcd_cmd_status+0)
;__Lib_Lcd.c,202 :: 		
L_end_Lcd_Out:
0x015B	0x0008      	RETURN
; end of _Lcd_Out
_UART1_Write_Text:
;__Lib_UART_c67.c,47 :: 		
;__Lib_UART_c67.c,48 :: 		
0x015C	0x1283      	BCF        STATUS, 5
0x015D	0x1303      	BCF        STATUS, 6
0x015E	0x01EB      	CLRF       UART1_Write_Text_counter_L0
;__Lib_UART_c67.c,50 :: 		
0x015F	0x0869      	MOVF       FARG_UART1_Write_Text_uart_text, 0
0x0160	0x0084      	MOVWF      FSR
0x0161	0x0800      	MOVF       INDF, 0
0x0162	0x00EA      	MOVWF      UART1_Write_Text_data__L0
;__Lib_UART_c67.c,51 :: 		
L_UART1_Write_Text5:
0x0163	0x086A      	MOVF       UART1_Write_Text_data__L0, 0
0x0164	0x3A00      	XORLW      0
0x0165	0x1903      	BTFSC      STATUS, 2
0x0166	0x2972      	GOTO       L_UART1_Write_Text6
;__Lib_UART_c67.c,52 :: 		
0x0167	0x086A      	MOVF       UART1_Write_Text_data__L0, 0
0x0168	0x1683      	BSF        STATUS, 5
0x0169	0x00E3      	MOVWF      FARG_UART1_Write_data_
0x016A	0x208E      	CALL       _UART1_Write
;__Lib_UART_c67.c,53 :: 		
0x016B	0x0AEB      	INCF       UART1_Write_Text_counter_L0, 1
;__Lib_UART_c67.c,54 :: 		
0x016C	0x086B      	MOVF       UART1_Write_Text_counter_L0, 0
0x016D	0x0769      	ADDWF      FARG_UART1_Write_Text_uart_text, 0
0x016E	0x0084      	MOVWF      FSR
0x016F	0x0800      	MOVF       INDF, 0
0x0170	0x00EA      	MOVWF      UART1_Write_Text_data__L0
;__Lib_UART_c67.c,55 :: 		
0x0171	0x2963      	GOTO       L_UART1_Write_Text5
L_UART1_Write_Text6:
;__Lib_UART_c67.c,56 :: 		
L_end_UART1_Write_Text:
0x0172	0x0008      	RETURN
; end of _UART1_Write_Text
_IntToStr:
;__Lib_Conversions.c,195 :: 		
;__Lib_Conversions.c,201 :: 		
0x0173	0x1283      	BCF        STATUS, 5
0x0174	0x1303      	BCF        STATUS, 6
0x0175	0x01EE      	CLRF       IntToStr_negative_L0
0x0176	0x01EF      	CLRF       IntToStr_negative_L0+1
;__Lib_Conversions.c,202 :: 		
0x0177	0x0869      	MOVF       FARG_IntToStr_input, 0
0x0178	0x1683      	BSF        STATUS, 5
0x0179	0x00E1      	MOVWF      IntToStr_inword_L0
0x017A	0x1283      	BCF        STATUS, 5
0x017B	0x086A      	MOVF       FARG_IntToStr_input+1, 0
0x017C	0x1683      	BSF        STATUS, 5
0x017D	0x00E2      	MOVWF      IntToStr_inword_L0+1
;__Lib_Conversions.c,203 :: 		
0x017E	0x3080      	MOVLW      128
0x017F	0x1283      	BCF        STATUS, 5
0x0180	0x066A      	XORWF      FARG_IntToStr_input+1, 0
0x0181	0x00F0      	MOVWF      R0
0x0182	0x3080      	MOVLW      128
0x0183	0x0270      	SUBWF      R0, 0
0x0184	0x1D03      	BTFSS      STATUS, 2
0x0185	0x2988      	GOTO       L__IntToStr387
0x0186	0x3000      	MOVLW      0
0x0187	0x0269      	SUBWF      FARG_IntToStr_input, 0
L__IntToStr387:
0x0188	0x1803      	BTFSC      STATUS, 0
0x0189	0x2999      	GOTO       L_IntToStr37
;__Lib_Conversions.c,204 :: 		
0x018A	0x3001      	MOVLW      1
0x018B	0x00EE      	MOVWF      IntToStr_negative_L0
0x018C	0x3000      	MOVLW      0
0x018D	0x00EF      	MOVWF      IntToStr_negative_L0+1
;__Lib_Conversions.c,205 :: 		
0x018E	0x0869      	MOVF       FARG_IntToStr_input, 0
0x018F	0x3C00      	SUBLW      0
0x0190	0x1683      	BSF        STATUS, 5
0x0191	0x00E1      	MOVWF      IntToStr_inword_L0
0x0192	0x1283      	BCF        STATUS, 5
0x0193	0x086A      	MOVF       FARG_IntToStr_input+1, 0
0x0194	0x1C03      	BTFSS      STATUS, 0
0x0195	0x3E01      	ADDLW      1
0x0196	0x1683      	BSF        STATUS, 5
0x0197	0x01E2      	CLRF       IntToStr_inword_L0+1
0x0198	0x02E2      	SUBWF      IntToStr_inword_L0+1, 1
;__Lib_Conversions.c,206 :: 		
L_IntToStr37:
0x0199	0x1683      	BSF        STATUS, 5
;__Lib_Conversions.c,207 :: 		
0x019A	0x0861      	MOVF       IntToStr_inword_L0, 0
0x019B	0x00E3      	MOVWF      FARG_WordToStr_input
0x019C	0x0862      	MOVF       IntToStr_inword_L0+1, 0
0x019D	0x00E4      	MOVWF      FARG_WordToStr_input+1
0x019E	0x1283      	BCF        STATUS, 5
0x019F	0x086B      	MOVF       FARG_IntToStr_output, 0
0x01A0	0x1683      	BSF        STATUS, 5
0x01A1	0x00E5      	MOVWF      FARG_WordToStr_output
0x01A2	0x20A1      	CALL       _WordToStr
;__Lib_Conversions.c,209 :: 		
0x01A3	0x3006      	MOVLW      6
0x01A4	0x1283      	BCF        STATUS, 5
0x01A5	0x00EC      	MOVWF      IntToStr_i_L0
0x01A6	0x3000      	MOVLW      0
0x01A7	0x00ED      	MOVWF      IntToStr_i_L0+1
;__Lib_Conversions.c,210 :: 		
L_IntToStr38:
0x01A8	0x086D      	MOVF       IntToStr_i_L0+1, 0
0x01A9	0x3C00      	SUBLW      0
0x01AA	0x1D03      	BTFSS      STATUS, 2
0x01AB	0x29AE      	GOTO       L__IntToStr388
0x01AC	0x086C      	MOVF       IntToStr_i_L0, 0
0x01AD	0x3C00      	SUBLW      0
L__IntToStr388:
0x01AE	0x1803      	BTFSC      STATUS, 0
0x01AF	0x29C9      	GOTO       L_IntToStr39
;__Lib_Conversions.c,211 :: 		
0x01B0	0x086C      	MOVF       IntToStr_i_L0, 0
0x01B1	0x076B      	ADDWF      FARG_IntToStr_output, 0
0x01B2	0x00F2      	MOVWF      R2
0x01B3	0x3001      	MOVLW      1
0x01B4	0x026C      	SUBWF      IntToStr_i_L0, 0
0x01B5	0x00F0      	MOVWF      R0
0x01B6	0x3000      	MOVLW      0
0x01B7	0x1C03      	BTFSS      STATUS, 0
0x01B8	0x3E01      	ADDLW      1
0x01B9	0x026D      	SUBWF      IntToStr_i_L0+1, 0
0x01BA	0x00F1      	MOVWF      R0+1
0x01BB	0x0870      	MOVF       R0, 0
0x01BC	0x076B      	ADDWF      FARG_IntToStr_output, 0
0x01BD	0x0084      	MOVWF      FSR
0x01BE	0x0800      	MOVF       INDF, 0
0x01BF	0x00F0      	MOVWF      R0
0x01C0	0x0872      	MOVF       R2, 0
0x01C1	0x0084      	MOVWF      FSR
0x01C2	0x0870      	MOVF       R0, 0
0x01C3	0x0080      	MOVWF      INDF
;__Lib_Conversions.c,212 :: 		
0x01C4	0x3001      	MOVLW      1
0x01C5	0x02EC      	SUBWF      IntToStr_i_L0, 1
0x01C6	0x1C03      	BTFSS      STATUS, 0
0x01C7	0x03ED      	DECF       IntToStr_i_L0+1, 1
;__Lib_Conversions.c,213 :: 		
0x01C8	0x29A8      	GOTO       L_IntToStr38
L_IntToStr39:
;__Lib_Conversions.c,214 :: 		
0x01C9	0x086B      	MOVF       FARG_IntToStr_output, 0
0x01CA	0x0084      	MOVWF      FSR
0x01CB	0x3020      	MOVLW      32
0x01CC	0x0080      	MOVWF      INDF
;__Lib_Conversions.c,215 :: 		
0x01CD	0x086E      	MOVF       IntToStr_negative_L0, 0
0x01CE	0x046F      	IORWF      IntToStr_negative_L0+1, 0
0x01CF	0x1903      	BTFSC      STATUS, 2
0x01D0	0x29E7      	GOTO       L_IntToStr40
;__Lib_Conversions.c,216 :: 		
0x01D1	0x01EC      	CLRF       IntToStr_i_L0
0x01D2	0x01ED      	CLRF       IntToStr_i_L0+1
;__Lib_Conversions.c,217 :: 		
L_IntToStr41:
0x01D3	0x086C      	MOVF       IntToStr_i_L0, 0
0x01D4	0x076B      	ADDWF      FARG_IntToStr_output, 0
0x01D5	0x0084      	MOVWF      FSR
0x01D6	0x0800      	MOVF       INDF, 0
0x01D7	0x3A20      	XORLW      32
0x01D8	0x1D03      	BTFSS      STATUS, 2
0x01D9	0x29DE      	GOTO       L_IntToStr42
0x01DA	0x0AEC      	INCF       IntToStr_i_L0, 1
0x01DB	0x1903      	BTFSC      STATUS, 2
0x01DC	0x0AED      	INCF       IntToStr_i_L0+1, 1
0x01DD	0x29D3      	GOTO       L_IntToStr41
L_IntToStr42:
;__Lib_Conversions.c,218 :: 		
0x01DE	0x3001      	MOVLW      1
0x01DF	0x02EC      	SUBWF      IntToStr_i_L0, 1
0x01E0	0x1C03      	BTFSS      STATUS, 0
0x01E1	0x03ED      	DECF       IntToStr_i_L0+1, 1
;__Lib_Conversions.c,219 :: 		
0x01E2	0x086C      	MOVF       IntToStr_i_L0, 0
0x01E3	0x076B      	ADDWF      FARG_IntToStr_output, 0
0x01E4	0x0084      	MOVWF      FSR
0x01E5	0x302D      	MOVLW      45
0x01E6	0x0080      	MOVWF      INDF
L_IntToStr40:
;__Lib_Conversions.c,220 :: 		
L_end_IntToStr:
0x01E7	0x0008      	RETURN
; end of _IntToStr
_UART1_Init:
;__Lib_UART_c67.c,2 :: 		
;__Lib_UART_c67.c,5 :: 		
0x01E8	0x1683      	BSF        STATUS, 5
0x01E9	0x1303      	BCF        STATUS, 6
0x01EA	0x1698      	BSF        TXSTA, 5
;__Lib_UART_c67.c,6 :: 		
0x01EB	0x3090      	MOVLW      144
0x01EC	0x1283      	BCF        STATUS, 5
0x01ED	0x0098      	MOVWF      RCSTA
;__Lib_UART_c67.c,7 :: 		
0x01EE	0x1683      	BSF        STATUS, 5
0x01EF	0x1787      	BSF        TRISC7_bit, BitPos(TRISC7_bit+0)
;__Lib_UART_c67.c,8 :: 		
0x01F0	0x1307      	BCF        TRISC6_bit, BitPos(TRISC6_bit+0)
;__Lib_UART_c67.c,10 :: 		
L_UART1_Init0:
0x01F1	0x1283      	BCF        STATUS, 5
0x01F2	0x1E8C      	BTFSS      PIR1, 5
0x01F3	0x29F7      	GOTO       L_UART1_Init1
;__Lib_UART_c67.c,11 :: 		
0x01F4	0x081A      	MOVF       RCREG, 0
0x01F5	0x00F0      	MOVWF      R0
0x01F6	0x29F1      	GOTO       L_UART1_Init0
L_UART1_Init1:
;__Lib_UART_c67.c,12 :: 		
L_end_UART1_Init:
0x01F7	0x0008      	RETURN
; end of _UART1_Init
_Lcd_Init:
;__Lib_Lcd.c,84 :: 		
;__Lib_Lcd.c,86 :: 		
0x01F8	0x1683      	BSF        STATUS, 5
0x01F9	0x1303      	BCF        STATUS, 6
0x01FA	0x1086      	BCF        LCD_EN_Direction, BitPos(LCD_EN_Direction+0)
;__Lib_Lcd.c,87 :: 		
0x01FB	0x1006      	BCF        LCD_RS_Direction, BitPos(LCD_RS_Direction+0)
;__Lib_Lcd.c,88 :: 		
0x01FC	0x1106      	BCF        LCD_D4_Direction, BitPos(LCD_D4_Direction+0)
;__Lib_Lcd.c,89 :: 		
0x01FD	0x1186      	BCF        LCD_D5_Direction, BitPos(LCD_D5_Direction+0)
;__Lib_Lcd.c,90 :: 		
0x01FE	0x1206      	BCF        LCD_D6_Direction, BitPos(LCD_D6_Direction+0)
;__Lib_Lcd.c,91 :: 		
0x01FF	0x1286      	BCF        LCD_D7_Direction, BitPos(LCD_D7_Direction+0)
;__Lib_Lcd.c,93 :: 		
0x0200	0x1283      	BCF        STATUS, 5
0x0201	0x1086      	BCF        LCD_EN, BitPos(LCD_EN+0)
;__Lib_Lcd.c,94 :: 		
0x0202	0x1006      	BCF        LCD_RS, BitPos(LCD_RS+0)
;__Lib_Lcd.c,95 :: 		
0x0203	0x1286      	BCF        LCD_D7, BitPos(LCD_D7+0)
;__Lib_Lcd.c,96 :: 		
0x0204	0x1206      	BCF        LCD_D6, BitPos(LCD_D6+0)
;__Lib_Lcd.c,97 :: 		
0x0205	0x1186      	BCF        LCD_D5, BitPos(LCD_D5+0)
;__Lib_Lcd.c,98 :: 		
0x0206	0x1106      	BCF        LCD_D4, BitPos(LCD_D4+0)
;__Lib_Lcd.c,100 :: 		
0x0207	0x2006      	CALL       _Delay_5500us
;__Lib_Lcd.c,101 :: 		
0x0208	0x2006      	CALL       _Delay_5500us
;__Lib_Lcd.c,102 :: 		
0x0209	0x2006      	CALL       _Delay_5500us
;__Lib_Lcd.c,105 :: 		
0x020A	0x1586      	BSF        LCD_D5, BitPos(LCD_D5+0)
;__Lib_Lcd.c,106 :: 		
0x020B	0x1506      	BSF        LCD_D4, BitPos(LCD_D4+0)
;__Lib_Lcd.c,107 :: 		
0x020C	0x1486      	BSF        LCD_EN, BitPos(LCD_EN+0)
;__Lib_Lcd.c,108 :: 		
0x020D	0x2003      	CALL       _Delay_1us
;__Lib_Lcd.c,109 :: 		
0x020E	0x1086      	BCF        LCD_EN, BitPos(LCD_EN+0)
;__Lib_Lcd.c,110 :: 		
0x020F	0x2006      	CALL       _Delay_5500us
;__Lib_Lcd.c,112 :: 		
0x0210	0x1486      	BSF        LCD_EN, BitPos(LCD_EN+0)
;__Lib_Lcd.c,113 :: 		
0x0211	0x2003      	CALL       _Delay_1us
;__Lib_Lcd.c,114 :: 		
0x0212	0x1086      	BCF        LCD_EN, BitPos(LCD_EN+0)
;__Lib_Lcd.c,115 :: 		
0x0213	0x2006      	CALL       _Delay_5500us
;__Lib_Lcd.c,117 :: 		
0x0214	0x1486      	BSF        LCD_EN, BitPos(LCD_EN+0)
;__Lib_Lcd.c,118 :: 		
0x0215	0x2003      	CALL       _Delay_1us
;__Lib_Lcd.c,119 :: 		
0x0216	0x1086      	BCF        LCD_EN, BitPos(LCD_EN+0)
;__Lib_Lcd.c,120 :: 		
0x0217	0x2006      	CALL       _Delay_5500us
;__Lib_Lcd.c,123 :: 		
0x0218	0x1106      	BCF        LCD_D4, BitPos(LCD_D4+0)
;__Lib_Lcd.c,124 :: 		
0x0219	0x1486      	BSF        LCD_EN, BitPos(LCD_EN+0)
;__Lib_Lcd.c,125 :: 		
0x021A	0x2003      	CALL       _Delay_1us
;__Lib_Lcd.c,126 :: 		
0x021B	0x1086      	BCF        LCD_EN, BitPos(LCD_EN+0)
;__Lib_Lcd.c,127 :: 		
0x021C	0x2006      	CALL       _Delay_5500us
;__Lib_Lcd.c,130 :: 		
0x021D	0x1486      	BSF        LCD_EN, BitPos(LCD_EN+0)
;__Lib_Lcd.c,131 :: 		
0x021E	0x2003      	CALL       _Delay_1us
;__Lib_Lcd.c,132 :: 		
0x021F	0x1086      	BCF        LCD_EN, BitPos(LCD_EN+0)
;__Lib_Lcd.c,134 :: 		
0x0220	0x1186      	BCF        LCD_D5, BitPos(LCD_D5+0)
;__Lib_Lcd.c,135 :: 		
0x0221	0x1686      	BSF        LCD_D7, BitPos(LCD_D7+0)
;__Lib_Lcd.c,136 :: 		
0x0222	0x1486      	BSF        LCD_EN, BitPos(LCD_EN+0)
;__Lib_Lcd.c,137 :: 		
0x0223	0x2003      	CALL       _Delay_1us
;__Lib_Lcd.c,138 :: 		
0x0224	0x1086      	BCF        LCD_EN, BitPos(LCD_EN+0)
;__Lib_Lcd.c,139 :: 		
0x0225	0x2006      	CALL       _Delay_5500us
;__Lib_Lcd.c,142 :: 		
0x0226	0x1286      	BCF        LCD_D7, BitPos(LCD_D7+0)
;__Lib_Lcd.c,143 :: 		
0x0227	0x1506      	BSF        LCD_D4, BitPos(LCD_D4+0)
;__Lib_Lcd.c,144 :: 		
0x0228	0x1486      	BSF        LCD_EN, BitPos(LCD_EN+0)
;__Lib_Lcd.c,145 :: 		
0x0229	0x2003      	CALL       _Delay_1us
;__Lib_Lcd.c,146 :: 		
0x022A	0x1086      	BCF        LCD_EN, BitPos(LCD_EN+0)
;__Lib_Lcd.c,148 :: 		
0x022B	0x1106      	BCF        LCD_D4, BitPos(LCD_D4+0)
;__Lib_Lcd.c,149 :: 		
0x022C	0x1486      	BSF        LCD_EN, BitPos(LCD_EN+0)
;__Lib_Lcd.c,150 :: 		
0x022D	0x2003      	CALL       _Delay_1us
;__Lib_Lcd.c,151 :: 		
0x022E	0x1086      	BCF        LCD_EN, BitPos(LCD_EN+0)
;__Lib_Lcd.c,152 :: 		
0x022F	0x2006      	CALL       _Delay_5500us
;__Lib_Lcd.c,155 :: 		
0x0230	0x1486      	BSF        LCD_EN, BitPos(LCD_EN+0)
;__Lib_Lcd.c,156 :: 		
0x0231	0x2003      	CALL       _Delay_1us
;__Lib_Lcd.c,157 :: 		
0x0232	0x1086      	BCF        LCD_EN, BitPos(LCD_EN+0)
;__Lib_Lcd.c,159 :: 		
0x0233	0x1506      	BSF        LCD_D4, BitPos(LCD_D4+0)
;__Lib_Lcd.c,160 :: 		
0x0234	0x1486      	BSF        LCD_EN, BitPos(LCD_EN+0)
;__Lib_Lcd.c,161 :: 		
0x0235	0x2003      	CALL       _Delay_1us
;__Lib_Lcd.c,162 :: 		
0x0236	0x1086      	BCF        LCD_EN, BitPos(LCD_EN+0)
;__Lib_Lcd.c,163 :: 		
0x0237	0x2006      	CALL       _Delay_5500us
;__Lib_Lcd.c,166 :: 		
0x0238	0x1106      	BCF        LCD_D4, BitPos(LCD_D4+0)
;__Lib_Lcd.c,167 :: 		
0x0239	0x1486      	BSF        LCD_EN, BitPos(LCD_EN+0)
;__Lib_Lcd.c,168 :: 		
0x023A	0x2003      	CALL       _Delay_1us
;__Lib_Lcd.c,169 :: 		
0x023B	0x1086      	BCF        LCD_EN, BitPos(LCD_EN+0)
;__Lib_Lcd.c,171 :: 		
0x023C	0x1686      	BSF        LCD_D7, BitPos(LCD_D7+0)
;__Lib_Lcd.c,172 :: 		
0x023D	0x1606      	BSF        LCD_D6, BitPos(LCD_D6+0)
;__Lib_Lcd.c,173 :: 		
0x023E	0x1586      	BSF        LCD_D5, BitPos(LCD_D5+0)
;__Lib_Lcd.c,174 :: 		
0x023F	0x1506      	BSF        LCD_D4, BitPos(LCD_D4+0)
;__Lib_Lcd.c,175 :: 		
0x0240	0x1486      	BSF        LCD_EN, BitPos(LCD_EN+0)
;__Lib_Lcd.c,176 :: 		
0x0241	0x2003      	CALL       _Delay_1us
;__Lib_Lcd.c,177 :: 		
0x0242	0x1086      	BCF        LCD_EN, BitPos(LCD_EN+0)
;__Lib_Lcd.c,179 :: 		
0x0243	0x2006      	CALL       _Delay_5500us
;__Lib_Lcd.c,181 :: 		
0x0244	0x1466      	BSF        __Lib_Lcd_cmd_status, BitPos(__Lib_Lcd_cmd_status+0)
;__Lib_Lcd.c,182 :: 		
L_end_Lcd_Init:
0x0245	0x0008      	RETURN
; end of _Lcd_Init
___CC2DW:
;__Lib_System.c,134 :: 		
;__Lib_System.c,137 :: 		
_CC2D_Loop1:
;__Lib_System.c,139 :: 		
0x0246	0x20E3      	CALL       _____DoICP
0x0247	0x118A      	BCF        PCLATH, 3
0x0248	0x120A      	BCF        PCLATH, 4
;__Lib_System.c,141 :: 		
0x0249	0x0080      	MOVWF      INDF
;__Lib_System.c,142 :: 		
0x024A	0x0A84      	INCF       FSR, 1
;__Lib_System.c,143 :: 		
0x024B	0x0AE4      	INCF       ___DoICPAddr, 1
;__Lib_System.c,145 :: 		
0x024C	0x1903      	BTFSC      STATUS, 2
;__Lib_System.c,146 :: 		
0x024D	0x0AE5      	INCF       ___DoICPAddr+1, 1
;__Lib_System.c,147 :: 		
0x024E	0x03F0      	DECF       R0, 1
;__Lib_System.c,149 :: 		
0x024F	0x1D03      	BTFSS      STATUS, 2
;__Lib_System.c,150 :: 		
0x0250	0x2A46      	GOTO       _CC2D_Loop1
;__Lib_System.c,152 :: 		
L_end___CC2DW:
0x0251	0x0008      	RETURN
; end of ___CC2DW
_main:
0x0252	0x2380      	CALL       896
;irrigationPro.c,23 :: 		void main() {
;irrigationPro.c,25 :: 		Lcd_Init();
0x0253	0x21F8      	CALL       _Lcd_Init
;irrigationPro.c,26 :: 		Lcd_Cmd(_LCD_CLEAR);
0x0254	0x3001      	MOVLW      1
0x0255	0x1683      	BSF        STATUS, 5
0x0256	0x00E8      	MOVWF      FARG_Lcd_Cmd_out_char
0x0257	0x201A      	CALL       _Lcd_Cmd
;irrigationPro.c,27 :: 		Lcd_Cmd(_LCD_CURSOR_OFF);
0x0258	0x300C      	MOVLW      12
0x0259	0x1683      	BSF        STATUS, 5
0x025A	0x00E8      	MOVWF      FARG_Lcd_Cmd_out_char
0x025B	0x201A      	CALL       _Lcd_Cmd
;irrigationPro.c,30 :: 		ADCON1 = 0x80;
0x025C	0x3080      	MOVLW      128
0x025D	0x1683      	BSF        STATUS, 5
0x025E	0x009F      	MOVWF      ADCON1
;irrigationPro.c,31 :: 		TRISA = 0xFF;
0x025F	0x30FF      	MOVLW      255
0x0260	0x0085      	MOVWF      TRISA
;irrigationPro.c,34 :: 		UART1_Init(9600);
0x0261	0x3033      	MOVLW      51
0x0262	0x0099      	MOVWF      SPBRG
0x0263	0x1518      	BSF        TXSTA, 2
0x0264	0x21E8      	CALL       _UART1_Init
;irrigationPro.c,35 :: 		Delay_ms(100);
0x0265	0x3002      	MOVLW      2
0x0266	0x00FB      	MOVWF      R11
0x0267	0x3004      	MOVLW      4
0x0268	0x00FC      	MOVWF      R12
0x0269	0x30BA      	MOVLW      186
0x026A	0x00FD      	MOVWF      R13
L_main0:
0x026B	0x0BFD      	DECFSZ     R13, 1
0x026C	0x2A6B      	GOTO       L_main0
0x026D	0x0BFC      	DECFSZ     R12, 1
0x026E	0x2A6B      	GOTO       L_main0
0x026F	0x0BFB      	DECFSZ     R11, 1
0x0270	0x2A6B      	GOTO       L_main0
0x0271	0x0000      	NOP
;irrigationPro.c,38 :: 		Lcd_Out(1, 1, "SMART IRRIGATION SYSTEM");
0x0272	0x3001      	MOVLW      1
0x0273	0x00E9      	MOVWF      FARG_Lcd_Out_row
0x0274	0x3001      	MOVLW      1
0x0275	0x00EA      	MOVWF      FARG_Lcd_Out_column
0x0276	0x302E      	MOVLW      ?lstr1_irrigationPro
0x0277	0x00EB      	MOVWF      FARG_Lcd_Out_text
0x0278	0x211A      	CALL       _Lcd_Out
;irrigationPro.c,39 :: 		Lcd_Out(2, 1, "   SYSTEM    ");  // Adjust for alignment on LCD
0x0279	0x3002      	MOVLW      2
0x027A	0x00E9      	MOVWF      FARG_Lcd_Out_row
0x027B	0x3001      	MOVLW      1
0x027C	0x00EA      	MOVWF      FARG_Lcd_Out_column
0x027D	0x3020      	MOVLW      ?lstr2_irrigationPro
0x027E	0x00EB      	MOVWF      FARG_Lcd_Out_text
0x027F	0x211A      	CALL       _Lcd_Out
;irrigationPro.c,41 :: 		UART1_Write_Text("SMART IRRIGATION SYSEM BY GROUP F");  // Send to Bluetooth/Virtual Terminal
0x0280	0x30AF      	MOVLW      ?lstr3_irrigationPro
0x0281	0x00E9      	MOVWF      FARG_UART1_Write_Text_uart_text
0x0282	0x215C      	CALL       _UART1_Write_Text
;irrigationPro.c,42 :: 		UART1_Write(13);  // Carriage return
0x0283	0x300D      	MOVLW      13
0x0284	0x1683      	BSF        STATUS, 5
0x0285	0x00E3      	MOVWF      FARG_UART1_Write_data_
0x0286	0x208E      	CALL       _UART1_Write
;irrigationPro.c,43 :: 		UART1_Write(10);  // Newline
0x0287	0x300A      	MOVLW      10
0x0288	0x1683      	BSF        STATUS, 5
0x0289	0x00E3      	MOVWF      FARG_UART1_Write_data_
0x028A	0x208E      	CALL       _UART1_Write
;irrigationPro.c,45 :: 		Delay_ms(1000);  // 1-second delay before proceeding to main functionality
0x028B	0x300B      	MOVLW      11
0x028C	0x00FB      	MOVWF      R11
0x028D	0x3026      	MOVLW      38
0x028E	0x00FC      	MOVWF      R12
0x028F	0x305D      	MOVLW      93
0x0290	0x00FD      	MOVWF      R13
L_main1:
0x0291	0x0BFD      	DECFSZ     R13, 1
0x0292	0x2A91      	GOTO       L_main1
0x0293	0x0BFC      	DECFSZ     R12, 1
0x0294	0x2A91      	GOTO       L_main1
0x0295	0x0BFB      	DECFSZ     R11, 1
0x0296	0x2A91      	GOTO       L_main1
0x0297	0x0000      	NOP
0x0298	0x0000      	NOP
;irrigationPro.c,47 :: 		Lcd_Cmd(_LCD_CLEAR);
0x0299	0x3001      	MOVLW      1
0x029A	0x1683      	BSF        STATUS, 5
0x029B	0x00E8      	MOVWF      FARG_Lcd_Cmd_out_char
0x029C	0x201A      	CALL       _Lcd_Cmd
;irrigationPro.c,48 :: 		Lcd_Cmd(_LCD_CURSOR_OFF);
0x029D	0x300C      	MOVLW      12
0x029E	0x1683      	BSF        STATUS, 5
0x029F	0x00E8      	MOVWF      FARG_Lcd_Cmd_out_char
0x02A0	0x201A      	CALL       _Lcd_Cmd
;irrigationPro.c,51 :: 		RELAY_Direction = 0;  // Configure RC0 as output
0x02A1	0x1683      	BSF        STATUS, 5
0x02A2	0x1007      	BCF        TRISC0_bit, BitPos(TRISC0_bit+0)
;irrigationPro.c,52 :: 		RELAY = 0;            // Initially turn off the relay (pump is off)
0x02A3	0x1283      	BCF        STATUS, 5
0x02A4	0x1007      	BCF        RC0_bit, BitPos(RC0_bit+0)
;irrigationPro.c,55 :: 		while (1) {
L_main2:
;irrigationPro.c,57 :: 		soil_moisture_value = ADC_Read(0);
0x02A5	0x01E9      	CLRF       FARG_ADC_Read_channel
0x02A6	0x20F2      	CALL       _ADC_Read
0x02A7	0x0870      	MOVF       R0, 0
0x02A8	0x1283      	BCF        STATUS, 5
0x02A9	0x00E7      	MOVWF      _soil_moisture_value
0x02AA	0x0871      	MOVF       R0+1, 0
0x02AB	0x00E8      	MOVWF      _soil_moisture_value+1
;irrigationPro.c,60 :: 		IntToStr(soil_moisture_value, display_text);
0x02AC	0x0870      	MOVF       R0, 0
0x02AD	0x00E9      	MOVWF      FARG_IntToStr_input
0x02AE	0x0871      	MOVF       R0+1, 0
0x02AF	0x00EA      	MOVWF      FARG_IntToStr_input+1
0x02B0	0x30D1      	MOVLW      _display_text
0x02B1	0x00EB      	MOVWF      FARG_IntToStr_output
0x02B2	0x2173      	CALL       _IntToStr
;irrigationPro.c,63 :: 		Lcd_Out(1, 1, "Soil Moisture:");
0x02B3	0x3001      	MOVLW      1
0x02B4	0x00E9      	MOVWF      FARG_Lcd_Out_row
0x02B5	0x3001      	MOVLW      1
0x02B6	0x00EA      	MOVWF      FARG_Lcd_Out_column
0x02B7	0x30A0      	MOVLW      ?lstr4_irrigationPro
0x02B8	0x00EB      	MOVWF      FARG_Lcd_Out_text
0x02B9	0x211A      	CALL       _Lcd_Out
;irrigationPro.c,64 :: 		Lcd_Out(2, 1, display_text);
0x02BA	0x3002      	MOVLW      2
0x02BB	0x00E9      	MOVWF      FARG_Lcd_Out_row
0x02BC	0x3001      	MOVLW      1
0x02BD	0x00EA      	MOVWF      FARG_Lcd_Out_column
0x02BE	0x30D1      	MOVLW      _display_text
0x02BF	0x00EB      	MOVWF      FARG_Lcd_Out_text
0x02C0	0x211A      	CALL       _Lcd_Out
;irrigationPro.c,67 :: 		UART1_Write_Text("Moisture: ");
0x02C1	0x304F      	MOVLW      ?lstr5_irrigationPro
0x02C2	0x00E9      	MOVWF      FARG_UART1_Write_Text_uart_text
0x02C3	0x215C      	CALL       _UART1_Write_Text
;irrigationPro.c,68 :: 		UART1_Write_Text(display_text);
0x02C4	0x30D1      	MOVLW      _display_text
0x02C5	0x00E9      	MOVWF      FARG_UART1_Write_Text_uart_text
0x02C6	0x215C      	CALL       _UART1_Write_Text
;irrigationPro.c,69 :: 		UART1_Write(13);  // Carriage return
0x02C7	0x300D      	MOVLW      13
0x02C8	0x1683      	BSF        STATUS, 5
0x02C9	0x00E3      	MOVWF      FARG_UART1_Write_data_
0x02CA	0x208E      	CALL       _UART1_Write
;irrigationPro.c,70 :: 		UART1_Write(10);  // Newline
0x02CB	0x300A      	MOVLW      10
0x02CC	0x1683      	BSF        STATUS, 5
0x02CD	0x00E3      	MOVWF      FARG_UART1_Write_data_
0x02CE	0x208E      	CALL       _UART1_Write
;irrigationPro.c,73 :: 		if (soil_moisture_value <= 40) {
0x02CF	0x0868      	MOVF       _soil_moisture_value+1, 0
0x02D0	0x3C00      	SUBLW      0
0x02D1	0x1D03      	BTFSS      STATUS, 2
0x02D2	0x2AD5      	GOTO       L__main9
0x02D3	0x0867      	MOVF       _soil_moisture_value, 0
0x02D4	0x3C28      	SUBLW      40
L__main9:
0x02D5	0x1C03      	BTFSS      STATUS, 0
0x02D6	0x2AEE      	GOTO       L_main4
;irrigationPro.c,74 :: 		RELAY = 1;  // Activate relay (turn on the water pump)
0x02D7	0x1407      	BSF        RC0_bit, BitPos(RC0_bit+0)
;irrigationPro.c,75 :: 		Lcd_Out(2, 10, "Pump ON ");  // Display pump status on the LCD
0x02D8	0x3002      	MOVLW      2
0x02D9	0x00E9      	MOVWF      FARG_Lcd_Out_row
0x02DA	0x300A      	MOVLW      10
0x02DB	0x00EA      	MOVWF      FARG_Lcd_Out_column
0x02DC	0x3046      	MOVLW      ?lstr6_irrigationPro
0x02DD	0x00EB      	MOVWF      FARG_Lcd_Out_text
0x02DE	0x211A      	CALL       _Lcd_Out
;irrigationPro.c,76 :: 		delay_ms(500);
0x02DF	0x3006      	MOVLW      6
0x02E0	0x00FB      	MOVWF      R11
0x02E1	0x3013      	MOVLW      19
0x02E2	0x00FC      	MOVWF      R12
0x02E3	0x30AD      	MOVLW      173
0x02E4	0x00FD      	MOVWF      R13
L_main5:
0x02E5	0x0BFD      	DECFSZ     R13, 1
0x02E6	0x2AE5      	GOTO       L_main5
0x02E7	0x0BFC      	DECFSZ     R12, 1
0x02E8	0x2AE5      	GOTO       L_main5
0x02E9	0x0BFB      	DECFSZ     R11, 1
0x02EA	0x2AE5      	GOTO       L_main5
0x02EB	0x0000      	NOP
0x02EC	0x0000      	NOP
;irrigationPro.c,77 :: 		} else {
0x02ED	0x2AF6      	GOTO       L_main6
L_main4:
;irrigationPro.c,78 :: 		RELAY = 0;  // Deactivate relay (turn off the water pump)
0x02EE	0x1007      	BCF        RC0_bit, BitPos(RC0_bit+0)
;irrigationPro.c,79 :: 		Lcd_Out(2, 10, "Pump OFF");  // Display pump status on the LCD
0x02EF	0x3002      	MOVLW      2
0x02F0	0x00E9      	MOVWF      FARG_Lcd_Out_row
0x02F1	0x300A      	MOVLW      10
0x02F2	0x00EA      	MOVWF      FARG_Lcd_Out_column
0x02F3	0x305A      	MOVLW      ?lstr7_irrigationPro
0x02F4	0x00EB      	MOVWF      FARG_Lcd_Out_text
0x02F5	0x211A      	CALL       _Lcd_Out
;irrigationPro.c,80 :: 		}
L_main6:
;irrigationPro.c,82 :: 		Delay_ms(1000);
0x02F6	0x300B      	MOVLW      11
0x02F7	0x00FB      	MOVWF      R11
0x02F8	0x3026      	MOVLW      38
0x02F9	0x00FC      	MOVWF      R12
0x02FA	0x305D      	MOVLW      93
0x02FB	0x00FD      	MOVWF      R13
L_main7:
0x02FC	0x0BFD      	DECFSZ     R13, 1
0x02FD	0x2AFC      	GOTO       L_main7
0x02FE	0x0BFC      	DECFSZ     R12, 1
0x02FF	0x2AFC      	GOTO       L_main7
0x0300	0x0BFB      	DECFSZ     R11, 1
0x0301	0x2AFC      	GOTO       L_main7
0x0302	0x0000      	NOP
0x0303	0x0000      	NOP
;irrigationPro.c,83 :: 		}
0x0304	0x2AA5      	GOTO       L_main2
;irrigationPro.c,84 :: 		}
L_end_main:
0x0305	0x2B05      	GOTO       $+0
; end of _main
0x0380	0x3020      	MOVLW      32
0x0381	0x0084      	MOVWF      FSR
0x0382	0x3044      	MOVLW      68
0x0383	0x1283      	BCF        STATUS, 5
0x0384	0x1303      	BCF        STATUS, 6
0x0385	0x00F0      	MOVWF      R0
0x0386	0x300B      	MOVLW      11
0x0387	0x00E4      	MOVWF      ___DoICPAddr
0x0388	0x3003      	MOVLW      3
0x0389	0x00E5      	MOVWF      101
0x038A	0x2246      	CALL       582
0x038B	0x30A0      	MOVLW      160
0x038C	0x0084      	MOVWF      FSR
0x038D	0x3031      	MOVLW      49
0x038E	0x1303      	BCF        STATUS, 6
0x038F	0x00F0      	MOVWF      R0
0x0390	0x304F      	MOVLW      79
0x0391	0x00E4      	MOVWF      ___DoICPAddr
0x0392	0x3003      	MOVLW      3
0x0393	0x00E5      	MOVWF      101
0x0394	0x2246      	CALL       582
0x0395	0x0008      	RETURN
;irrigationPro.c,0 :: ?ICS?lstr2_irrigationPro
0x030B	0x3420 ;?ICS?lstr2_irrigationPro+0
0x030C	0x3420 ;?ICS?lstr2_irrigationPro+1
0x030D	0x3420 ;?ICS?lstr2_irrigationPro+2
0x030E	0x3453 ;?ICS?lstr2_irrigationPro+3
0x030F	0x3459 ;?ICS?lstr2_irrigationPro+4
0x0310	0x3453 ;?ICS?lstr2_irrigationPro+5
0x0311	0x3454 ;?ICS?lstr2_irrigationPro+6
0x0312	0x3445 ;?ICS?lstr2_irrigationPro+7
0x0313	0x344D ;?ICS?lstr2_irrigationPro+8
0x0314	0x3420 ;?ICS?lstr2_irrigationPro+9
0x0315	0x3420 ;?ICS?lstr2_irrigationPro+10
0x0316	0x3420 ;?ICS?lstr2_irrigationPro+11
0x0317	0x3420 ;?ICS?lstr2_irrigationPro+12
0x0318	0x3400 ;?ICS?lstr2_irrigationPro+13
; end of ?ICS?lstr2_irrigationPro
;irrigationPro.c,0 :: ?ICS?lstr1_irrigationPro
0x0319	0x3453 ;?ICS?lstr1_irrigationPro+0
0x031A	0x344D ;?ICS?lstr1_irrigationPro+1
0x031B	0x3441 ;?ICS?lstr1_irrigationPro+2
0x031C	0x3452 ;?ICS?lstr1_irrigationPro+3
0x031D	0x3454 ;?ICS?lstr1_irrigationPro+4
0x031E	0x3420 ;?ICS?lstr1_irrigationPro+5
0x031F	0x3449 ;?ICS?lstr1_irrigationPro+6
0x0320	0x3452 ;?ICS?lstr1_irrigationPro+7
0x0321	0x3452 ;?ICS?lstr1_irrigationPro+8
0x0322	0x3449 ;?ICS?lstr1_irrigationPro+9
0x0323	0x3447 ;?ICS?lstr1_irrigationPro+10
0x0324	0x3441 ;?ICS?lstr1_irrigationPro+11
0x0325	0x3454 ;?ICS?lstr1_irrigationPro+12
0x0326	0x3449 ;?ICS?lstr1_irrigationPro+13
0x0327	0x344F ;?ICS?lstr1_irrigationPro+14
0x0328	0x344E ;?ICS?lstr1_irrigationPro+15
0x0329	0x3420 ;?ICS?lstr1_irrigationPro+16
0x032A	0x3453 ;?ICS?lstr1_irrigationPro+17
0x032B	0x3459 ;?ICS?lstr1_irrigationPro+18
0x032C	0x3453 ;?ICS?lstr1_irrigationPro+19
0x032D	0x3454 ;?ICS?lstr1_irrigationPro+20
0x032E	0x3445 ;?ICS?lstr1_irrigationPro+21
0x032F	0x344D ;?ICS?lstr1_irrigationPro+22
0x0330	0x3400 ;?ICS?lstr1_irrigationPro+23
; end of ?ICS?lstr1_irrigationPro
;irrigationPro.c,0 :: ?ICS?lstr6_irrigationPro
0x0331	0x3450 ;?ICS?lstr6_irrigationPro+0
0x0332	0x3475 ;?ICS?lstr6_irrigationPro+1
0x0333	0x346D ;?ICS?lstr6_irrigationPro+2
0x0334	0x3470 ;?ICS?lstr6_irrigationPro+3
0x0335	0x3420 ;?ICS?lstr6_irrigationPro+4
0x0336	0x344F ;?ICS?lstr6_irrigationPro+5
0x0337	0x344E ;?ICS?lstr6_irrigationPro+6
0x0338	0x3420 ;?ICS?lstr6_irrigationPro+7
0x0339	0x3400 ;?ICS?lstr6_irrigationPro+8
; end of ?ICS?lstr6_irrigationPro
;irrigationPro.c,0 :: ?ICS?lstr5_irrigationPro
0x033A	0x344D ;?ICS?lstr5_irrigationPro+0
0x033B	0x346F ;?ICS?lstr5_irrigationPro+1
0x033C	0x3469 ;?ICS?lstr5_irrigationPro+2
0x033D	0x3473 ;?ICS?lstr5_irrigationPro+3
0x033E	0x3474 ;?ICS?lstr5_irrigationPro+4
0x033F	0x3475 ;?ICS?lstr5_irrigationPro+5
0x0340	0x3472 ;?ICS?lstr5_irrigationPro+6
0x0341	0x3465 ;?ICS?lstr5_irrigationPro+7
0x0342	0x343A ;?ICS?lstr5_irrigationPro+8
0x0343	0x3420 ;?ICS?lstr5_irrigationPro+9
0x0344	0x3400 ;?ICS?lstr5_irrigationPro+10
; end of ?ICS?lstr5_irrigationPro
;irrigationPro.c,0 :: ?ICS?lstr7_irrigationPro
0x0345	0x3450 ;?ICS?lstr7_irrigationPro+0
0x0346	0x3475 ;?ICS?lstr7_irrigationPro+1
0x0347	0x346D ;?ICS?lstr7_irrigationPro+2
0x0348	0x3470 ;?ICS?lstr7_irrigationPro+3
0x0349	0x3420 ;?ICS?lstr7_irrigationPro+4
0x034A	0x344F ;?ICS?lstr7_irrigationPro+5
0x034B	0x3446 ;?ICS?lstr7_irrigationPro+6
0x034C	0x3446 ;?ICS?lstr7_irrigationPro+7
0x034D	0x3400 ;?ICS?lstr7_irrigationPro+8
; end of ?ICS?lstr7_irrigationPro
;__Lib_ADC_A_C.c,0 :: ?ICS_vref_mask
0x034E	0x340F ;?ICS_vref_mask+0
; end of ?ICS_vref_mask
;irrigationPro.c,0 :: ?ICS?lstr4_irrigationPro
0x034F	0x3453 ;?ICS?lstr4_irrigationPro+0
0x0350	0x346F ;?ICS?lstr4_irrigationPro+1
0x0351	0x3469 ;?ICS?lstr4_irrigationPro+2
0x0352	0x346C ;?ICS?lstr4_irrigationPro+3
0x0353	0x3420 ;?ICS?lstr4_irrigationPro+4
0x0354	0x344D ;?ICS?lstr4_irrigationPro+5
0x0355	0x346F ;?ICS?lstr4_irrigationPro+6
0x0356	0x3469 ;?ICS?lstr4_irrigationPro+7
0x0357	0x3473 ;?ICS?lstr4_irrigationPro+8
0x0358	0x3474 ;?ICS?lstr4_irrigationPro+9
0x0359	0x3475 ;?ICS?lstr4_irrigationPro+10
0x035A	0x3472 ;?ICS?lstr4_irrigationPro+11
0x035B	0x3465 ;?ICS?lstr4_irrigationPro+12
0x035C	0x343A ;?ICS?lstr4_irrigationPro+13
0x035D	0x3400 ;?ICS?lstr4_irrigationPro+14
; end of ?ICS?lstr4_irrigationPro
;irrigationPro.c,0 :: ?ICS?lstr3_irrigationPro
0x035E	0x3453 ;?ICS?lstr3_irrigationPro+0
0x035F	0x344D ;?ICS?lstr3_irrigationPro+1
0x0360	0x3441 ;?ICS?lstr3_irrigationPro+2
0x0361	0x3452 ;?ICS?lstr3_irrigationPro+3
0x0362	0x3454 ;?ICS?lstr3_irrigationPro+4
0x0363	0x3420 ;?ICS?lstr3_irrigationPro+5
0x0364	0x3449 ;?ICS?lstr3_irrigationPro+6
0x0365	0x3452 ;?ICS?lstr3_irrigationPro+7
0x0366	0x3452 ;?ICS?lstr3_irrigationPro+8
0x0367	0x3449 ;?ICS?lstr3_irrigationPro+9
0x0368	0x3447 ;?ICS?lstr3_irrigationPro+10
0x0369	0x3441 ;?ICS?lstr3_irrigationPro+11
0x036A	0x3454 ;?ICS?lstr3_irrigationPro+12
0x036B	0x3449 ;?ICS?lstr3_irrigationPro+13
0x036C	0x344F ;?ICS?lstr3_irrigationPro+14
0x036D	0x344E ;?ICS?lstr3_irrigationPro+15
0x036E	0x3420 ;?ICS?lstr3_irrigationPro+16
0x036F	0x3453 ;?ICS?lstr3_irrigationPro+17
0x0370	0x3459 ;?ICS?lstr3_irrigationPro+18
0x0371	0x3453 ;?ICS?lstr3_irrigationPro+19
0x0372	0x3445 ;?ICS?lstr3_irrigationPro+20
0x0373	0x344D ;?ICS?lstr3_irrigationPro+21
0x0374	0x3420 ;?ICS?lstr3_irrigationPro+22
0x0375	0x3442 ;?ICS?lstr3_irrigationPro+23
0x0376	0x3459 ;?ICS?lstr3_irrigationPro+24
0x0377	0x3420 ;?ICS?lstr3_irrigationPro+25
0x0378	0x3447 ;?ICS?lstr3_irrigationPro+26
0x0379	0x3452 ;?ICS?lstr3_irrigationPro+27
0x037A	0x344F ;?ICS?lstr3_irrigationPro+28
0x037B	0x3455 ;?ICS?lstr3_irrigationPro+29
0x037C	0x3450 ;?ICS?lstr3_irrigationPro+30
0x037D	0x3420 ;?ICS?lstr3_irrigationPro+31
0x037E	0x3446 ;?ICS?lstr3_irrigationPro+32
0x037F	0x3400 ;?ICS?lstr3_irrigationPro+33
; end of ?ICS?lstr3_irrigationPro
Symbol List:
//** Routines locations **
//ADDRESS    SIZE    PROCEDURE
//----------------------------------------------
0x0003       [3]    _Delay_1us
0x0006      [13]    _Delay_5500us
0x0013       [7]    _Delay_50us
0x001A      [87]    _Lcd_Cmd
0x0071      [29]    _Div_16X16_U
0x008E      [10]    _UART1_Write
0x0098       [9]    _Lcd_Chr_CP
0x00A1      [66]    _WordToStr
0x00E3       [7]    _____DoICP
0x00EA       [8]    _Delay_22us
0x00F2      [40]    _ADC_Read
0x011A      [66]    _Lcd_Out
0x015C      [23]    _UART1_Write_Text
0x0173     [117]    _IntToStr
0x01E8      [16]    _UART1_Init
0x01F8      [78]    _Lcd_Init
0x0246      [12]    ___CC2DW
0x0252     [179]    _main
//** Variables locations ** 
//ADDRESS    SIZE    VARIABLE
//----------------------------------------------
0x0000       [1]    INDF
0x0002       [1]    PCL
0x0003       [1]    STATUS
0x0004       [1]    FSR
0x0006       [0]    RB1_bit
0x0006       [0]    RB2_bit
0x0006       [0]    RB0_bit
0x0006       [0]    RB3_bit
0x0006       [0]    RB4_bit
0x0006       [0]    RB5_bit
0x0006       [0]    LCD_D5
0x0006       [0]    LCD_D7
0x0006       [0]    LCD_D6
0x0006       [0]    LCD_D4
0x0006       [0]    LCD_RS
0x0006       [0]    LCD_EN
0x0007       [0]    RELAY
0x0007       [0]    RC0_bit
0x000A       [1]    PCLATH
0x000C       [1]    PIR1
0x0018       [1]    RCSTA
0x0019       [1]    TXREG
0x001A       [1]    RCREG
0x001E       [1]    ADRESH
0x001F       [1]    ADCON0
0x0020      [14]    ?lstr2_irrigationPro
0x002E      [24]    ?lstr1_irrigationPro
0x0046       [9]    ?lstr6_irrigationPro
0x004F      [11]    ?lstr5_irrigationPro
0x005A       [9]    ?lstr7_irrigationPro
0x0063       [1]    _vref_mask
0x0064       [2]    ___DoICPAddr
0x0066       [0]    __Lib_Lcd_cmd_status
0x0067       [2]    _soil_moisture_value
0x0069       [1]    FARG_Lcd_Out_row
0x0069       [2]    FARG_IntToStr_input
0x0069       [1]    FARG_ADC_Read_channel
0x0069       [1]    FARG_UART1_Write_Text_uart_text
0x006A       [1]    UART1_Write_Text_data__L0
0x006A       [1]    FARG_Lcd_Out_column
0x006B       [1]    UART1_Write_Text_counter_L0
0x006B       [1]    FARG_IntToStr_output
0x006B       [1]    FARG_Lcd_Out_text
0x006C       [2]    IntToStr_i_L0
0x006C       [1]    Lcd_Out_i_L0
0x006E       [2]    IntToStr_negative_L0
0x0070       [1]    R0
0x0071       [1]    R1
0x0072       [1]    R2
0x0073       [1]    R3
0x0074       [1]    R4
0x0075       [1]    R5
0x0076       [1]    R6
0x0077       [1]    R7
0x0078       [1]    R8
0x0079       [1]    R9
0x007A       [1]    R10
0x007B       [1]    R11
0x007C       [1]    R12
0x007D       [1]    R13
0x007E       [1]    R14
0x007F       [1]    R15
0x0085       [1]    TRISA
0x0086       [0]    LCD_D5_Direction
0x0086       [0]    LCD_D6_Direction
0x0086       [0]    TRISB5_bit
0x0086       [0]    LCD_D7_Direction
0x0086       [0]    TRISB4_bit
0x0086       [0]    LCD_D4_Direction
0x0086       [0]    LCD_RS_Direction
0x0086       [0]    TRISB1_bit
0x0086       [0]    TRISB2_bit
0x0086       [0]    TRISB0_bit
0x0086       [0]    LCD_EN_Direction
0x0086       [0]    TRISB3_bit
0x0087       [0]    TRISC0_bit
0x0087       [0]    TRISC7_bit
0x0087       [0]    RELAY_Direction
0x0087       [0]    TRISC6_bit
0x0098       [1]    TXSTA
0x0099       [1]    SPBRG
0x009E       [1]    ADRESL
0x009F       [1]    ADCON1
0x00A0      [15]    ?lstr4_irrigationPro
0x00AF      [34]    ?lstr3_irrigationPro
0x00D1      [16]    _display_text
0x00E1       [2]    IntToStr_inword_L0
0x00E3       [1]    FARG_UART1_Write_data_
0x00E3       [1]    FARG_Lcd_Chr_CP_out_char
0x00E3       [2]    FARG_WordToStr_input
0x00E5       [1]    FARG_WordToStr_output
0x00E6       [1]    WordToStr_len_L0
0x00E7       [1]    FLOC__WordToStr
0x00E8       [1]    FARG_Lcd_Cmd_out_char
//** Constants locations ** 
//ADDRESS    SIZE    CONSTANT
//----------------------------------------------
0x030B      [14]    ?ICS?lstr2_irrigationPro
0x0319      [24]    ?ICS?lstr1_irrigationPro
0x0331       [9]    ?ICS?lstr6_irrigationPro
0x033A      [11]    ?ICS?lstr5_irrigationPro
0x0345       [9]    ?ICS?lstr7_irrigationPro
0x034E       [1]    ?ICS_vref_mask
0x034F      [15]    ?ICS?lstr4_irrigationPro
0x035E      [34]    ?ICS?lstr3_irrigationPro
